{
  statusCode: 404,
  isOperational: true,
  level: 'error',
  label: 'jhamelaKom',
  timestamp: '2024-03-02T05:10:20.625Z',
  message: 'Error: Not found\n' +
    '    at file:///home/saymon/Desktop/Garbage/pms_website_backend/src/app.ts:21:14\n' +
    '    at Layer.handle [as handle_request] (/home/saymon/Desktop/Garbage/pms_website_backend/node_modules/express/lib/router/layer.js:95:5)\n' +
    '    at trim_prefix (/home/saymon/Desktop/Garbage/pms_website_backend/node_modules/express/lib/router/index.js:328:13)\n' +
    '    at /home/saymon/Desktop/Garbage/pms_website_backend/node_modules/express/lib/router/index.js:286:9\n' +
    '    at Function.process_params (/home/saymon/Desktop/Garbage/pms_website_backend/node_modules/express/lib/router/index.js:346:12)\n' +
    '    at next (/home/saymon/Desktop/Garbage/pms_website_backend/node_modules/express/lib/router/index.js:280:10)\n' +
    '    at urlencodedParser (/home/saymon/Desktop/Garbage/pms_website_backend/node_modules/body-parser/lib/types/urlencoded.js:91:7)\n' +
    '    at Layer.handle [as handle_request] (/home/saymon/Desktop/Garbage/pms_website_backend/node_modules/express/lib/router/layer.js:95:5)\n' +
    '    at trim_prefix (/home/saymon/Desktop/Garbage/pms_website_backend/node_modules/express/lib/router/index.js:328:13)\n' +
    '    at /home/saymon/Desktop/Garbage/pms_website_backend/node_modules/express/lib/router/index.js:286:9',
  stack: 'Error: Not found\n' +
    '    at file:///home/saymon/Desktop/Garbage/pms_website_backend/src/app.ts:21:14\n' +
    '    at Layer.handle [as handle_request] (/home/saymon/Desktop/Garbage/pms_website_backend/node_modules/express/lib/router/layer.js:95:5)\n' +
    '    at trim_prefix (/home/saymon/Desktop/Garbage/pms_website_backend/node_modules/express/lib/router/index.js:328:13)\n' +
    '    at /home/saymon/Desktop/Garbage/pms_website_backend/node_modules/express/lib/router/index.js:286:9\n' +
    '    at Function.process_params (/home/saymon/Desktop/Garbage/pms_website_backend/node_modules/express/lib/router/index.js:346:12)\n' +
    '    at next (/home/saymon/Desktop/Garbage/pms_website_backend/node_modules/express/lib/router/index.js:280:10)\n' +
    '    at urlencodedParser (/home/saymon/Desktop/Garbage/pms_website_backend/node_modules/body-parser/lib/types/urlencoded.js:91:7)\n' +
    '    at Layer.handle [as handle_request] (/home/saymon/Desktop/Garbage/pms_website_backend/node_modules/express/lib/router/layer.js:95:5)\n' +
    '    at trim_prefix (/home/saymon/Desktop/Garbage/pms_website_backend/node_modules/express/lib/router/index.js:328:13)\n' +
    '    at /home/saymon/Desktop/Garbage/pms_website_backend/node_modules/express/lib/router/index.js:286:9'
}
{
  statusCode: 404,
  isOperational: true,
  level: 'error',
  label: 'jhamelaKom',
  timestamp: '2024-03-02T06:50:56.902Z',
  message: 'Error: Not found\n' +
    '    at file:///home/saymon/Desktop/Garbage/pms_website_backend/src/app.ts:21:14\n' +
    '    at Layer.handle [as handle_request] (/home/saymon/Desktop/Garbage/pms_website_backend/node_modules/express/lib/router/layer.js:95:5)\n' +
    '    at trim_prefix (/home/saymon/Desktop/Garbage/pms_website_backend/node_modules/express/lib/router/index.js:328:13)\n' +
    '    at /home/saymon/Desktop/Garbage/pms_website_backend/node_modules/express/lib/router/index.js:286:9\n' +
    '    at Function.process_params (/home/saymon/Desktop/Garbage/pms_website_backend/node_modules/express/lib/router/index.js:346:12)\n' +
    '    at next (/home/saymon/Desktop/Garbage/pms_website_backend/node_modules/express/lib/router/index.js:280:10)\n' +
    '    at urlencodedParser (/home/saymon/Desktop/Garbage/pms_website_backend/node_modules/body-parser/lib/types/urlencoded.js:91:7)\n' +
    '    at Layer.handle [as handle_request] (/home/saymon/Desktop/Garbage/pms_website_backend/node_modules/express/lib/router/layer.js:95:5)\n' +
    '    at trim_prefix (/home/saymon/Desktop/Garbage/pms_website_backend/node_modules/express/lib/router/index.js:328:13)\n' +
    '    at /home/saymon/Desktop/Garbage/pms_website_backend/node_modules/express/lib/router/index.js:286:9',
  stack: 'Error: Not found\n' +
    '    at file:///home/saymon/Desktop/Garbage/pms_website_backend/src/app.ts:21:14\n' +
    '    at Layer.handle [as handle_request] (/home/saymon/Desktop/Garbage/pms_website_backend/node_modules/express/lib/router/layer.js:95:5)\n' +
    '    at trim_prefix (/home/saymon/Desktop/Garbage/pms_website_backend/node_modules/express/lib/router/index.js:328:13)\n' +
    '    at /home/saymon/Desktop/Garbage/pms_website_backend/node_modules/express/lib/router/index.js:286:9\n' +
    '    at Function.process_params (/home/saymon/Desktop/Garbage/pms_website_backend/node_modules/express/lib/router/index.js:346:12)\n' +
    '    at next (/home/saymon/Desktop/Garbage/pms_website_backend/node_modules/express/lib/router/index.js:280:10)\n' +
    '    at urlencodedParser (/home/saymon/Desktop/Garbage/pms_website_backend/node_modules/body-parser/lib/types/urlencoded.js:91:7)\n' +
    '    at Layer.handle [as handle_request] (/home/saymon/Desktop/Garbage/pms_website_backend/node_modules/express/lib/router/layer.js:95:5)\n' +
    '    at trim_prefix (/home/saymon/Desktop/Garbage/pms_website_backend/node_modules/express/lib/router/index.js:328:13)\n' +
    '    at /home/saymon/Desktop/Garbage/pms_website_backend/node_modules/express/lib/router/index.js:286:9'
}
